{"/home/ubunto/Desktop/safari/my-turborepo/apps/web/next.config.ts": {"path":"/home/ubunto/Desktop/safari/my-turborepo/apps/web/next.config.ts","statementMap":{"0":{"start":{"line":3,"column":31},"end":{"line":10,"column":null}}},"fnMap":{},"branchMap":{},"s":{"0":0},"f":{},"b":{}}
,"/home/ubunto/Desktop/safari/my-turborepo/apps/web/app/layout.tsx": {"path":"/home/ubunto/Desktop/safari/my-turborepo/apps/web/app/layout.tsx","statementMap":{"0":{"start":{"line":7,"column":14},"end":{"line":7,"column":null}},"1":{"start":{"line":9,"column":34},"end":{"line":12,"column":null}},"2":{"start":{"line":15,"column":2},"end":{"line":18,"column":null}}},"fnMap":{"0":{"name":"RootLayout","decl":{"start":{"line":14,"column":24},"end":{"line":14,"column":35}},"loc":{"start":{"line":14,"column":80},"end":{"line":20,"column":null}}}},"branchMap":{},"s":{"0":0,"1":0,"2":0},"f":{"0":0},"b":{}}
,"/home/ubunto/Desktop/safari/my-turborepo/apps/web/app/page.tsx": {"path":"/home/ubunto/Desktop/safari/my-turborepo/apps/web/app/page.tsx","statementMap":{"0":{"start":{"line":6,"column":14},"end":{"line":27,"column":null}},"1":{"start":{"line":30,"column":2},"end":{"line":101,"column":null}},"2":{"start":{"line":96,"column":10},"end":{"line":98,"column":null}}},"fnMap":{"0":{"name":"Page","decl":{"start":{"line":29,"column":24},"end":{"line":29,"column":31}},"loc":{"start":{"line":29,"column":31},"end":{"line":103,"column":null}}},"1":{"name":"(anonymous_1)","decl":{"start":{"line":95,"column":19},"end":{"line":95,"column":20}},"loc":{"start":{"line":96,"column":10},"end":{"line":98,"column":null}}}},"branchMap":{},"s":{"0":0,"1":0,"2":0},"f":{"0":0,"1":0},"b":{}}
}
