{"/home/ahmad/Desktop/my-turborepo/apps/docs/next.config.ts": {"path":"/home/ahmad/Desktop/my-turborepo/apps/docs/next.config.ts","statementMap":{"0":{"start":{"line":3,"column":31},"end":{"line":10,"column":null}}},"fnMap":{},"branchMap":{},"s":{"0":0},"f":{},"b":{}}
,"/home/ahmad/Desktop/my-turborepo/apps/docs/app/layout.tsx": {"path":"/home/ahmad/Desktop/my-turborepo/apps/docs/app/layout.tsx","statementMap":{"0":{"start":{"line":7,"column":14},"end":{"line":7,"column":null}},"1":{"start":{"line":9,"column":34},"end":{"line":12,"column":null}},"2":{"start":{"line":15,"column":2},"end":{"line":18,"column":null}}},"fnMap":{"0":{"name":"RootLayout","decl":{"start":{"line":14,"column":24},"end":{"line":14,"column":35}},"loc":{"start":{"line":14,"column":80},"end":{"line":20,"column":null}}}},"branchMap":{},"s":{"0":0,"1":0,"2":0},"f":{"0":0},"b":{}}
,"/home/ahmad/Desktop/my-turborepo/apps/docs/app/page.tsx": {"path":"/home/ahmad/Desktop/my-turborepo/apps/docs/app/page.tsx","statementMap":{"0":{"start":{"line":6,"column":14},"end":{"line":27,"column":null}},"1":{"start":{"line":30,"column":2},"end":{"line":103,"column":null}},"2":{"start":{"line":97,"column":12},"end":{"line":99,"column":null}}},"fnMap":{"0":{"name":"Page","decl":{"start":{"line":29,"column":24},"end":{"line":29,"column":31}},"loc":{"start":{"line":29,"column":31},"end":{"line":105,"column":null}}},"1":{"name":"(anonymous_1)","decl":{"start":{"line":96,"column":21},"end":{"line":96,"column":22}},"loc":{"start":{"line":97,"column":12},"end":{"line":99,"column":null}}}},"branchMap":{},"s":{"0":0,"1":0,"2":0},"f":{"0":0,"1":0},"b":{}}
,"/home/ahmad/Desktop/my-turborepo/apps/docs/app/test-page/page.tsx": {"path":"/home/ahmad/Desktop/my-turborepo/apps/docs/app/test-page/page.tsx","statementMap":{"0":{"start":{"line":6,"column":2},"end":{"line":17,"column":null}},"1":{"start":{"line":11,"column":10},"end":{"line":11,"column":null}}},"fnMap":{"0":{"name":"TestPage","decl":{"start":{"line":5,"column":24},"end":{"line":5,"column":35}},"loc":{"start":{"line":5,"column":35},"end":{"line":19,"column":null}}},"1":{"name":"(anonymous_1)","decl":{"start":{"line":10,"column":17},"end":{"line":10,"column":23}},"loc":{"start":{"line":10,"column":23},"end":{"line":12,"column":null}}}},"branchMap":{},"s":{"0":0,"1":0},"f":{"0":0,"1":0},"b":{}}
}
