{
  "/home/ahmad/Desktop/my-turborepo/apps/docs/next.config.ts": {
    "path": "/home/ahmad/Desktop/my-turborepo/apps/docs/next.config.ts",
    "statementMap": {
      "0": { "start": { "line": 3, "column": 31 }, "end": { "line": 6, "column": null } }
    },
    "fnMap": {},
    "branchMap": {},
    "s": { "0": 0 },
    "f": {},
    "b": {}
  },
  "/home/ahmad/Desktop/my-turborepo/apps/docs/app/layout.tsx": {
    "path": "/home/ahmad/Desktop/my-turborepo/apps/docs/app/layout.tsx",
    "statementMap": {
      "0": { "start": { "line": 10, "column": 14 }, "end": { "line": 10, "column": null } },
      "1": { "start": { "line": 12, "column": 34 }, "end": { "line": 15, "column": null } },
      "2": { "start": { "line": 18, "column": 2 }, "end": { "line": 30, "column": null } }
    },
    "fnMap": {
      "0": {
        "name": "RootLayout",
        "decl": { "start": { "line": 17, "column": 24 }, "end": { "line": 17, "column": 35 } },
        "loc": { "start": { "line": 17, "column": 80 }, "end": { "line": 32, "column": null } }
      }
    },
    "branchMap": {},
    "s": { "0": 0, "1": 0, "2": 0 },
    "f": { "0": 0 },
    "b": {}
  },
  "/home/ahmad/Desktop/my-turborepo/apps/docs/app/page.tsx": {
    "path": "/home/ahmad/Desktop/my-turborepo/apps/docs/app/page.tsx",
    "statementMap": {
      "0": { "start": { "line": 8, "column": 14 }, "end": { "line": 29, "column": null } },
      "1": { "start": { "line": 32, "column": 2 }, "end": { "line": 106, "column": null } },
      "2": { "start": { "line": 100, "column": 12 }, "end": { "line": 102, "column": null } }
    },
    "fnMap": {
      "0": {
        "name": "Page",
        "decl": { "start": { "line": 31, "column": 24 }, "end": { "line": 31, "column": 31 } },
        "loc": { "start": { "line": 31, "column": 31 }, "end": { "line": 108, "column": null } }
      },
      "1": {
        "name": "(anonymous_1)",
        "decl": { "start": { "line": 99, "column": 21 }, "end": { "line": 99, "column": 22 } },
        "loc": { "start": { "line": 100, "column": 12 }, "end": { "line": 102, "column": null } }
      }
    },
    "branchMap": {},
    "s": { "0": 0, "1": 0, "2": 0 },
    "f": { "0": 0, "1": 0 },
    "b": {}
  },
  "/home/ahmad/Desktop/my-turborepo/apps/docs/app/test-page/page.tsx": {
    "path": "/home/ahmad/Desktop/my-turborepo/apps/docs/app/test-page/page.tsx",
    "statementMap": {
      "0": { "start": { "line": 6, "column": 2 }, "end": { "line": 17, "column": null } },
      "1": { "start": { "line": 11, "column": 10 }, "end": { "line": 11, "column": null } }
    },
    "fnMap": {
      "0": {
        "name": "TestPage",
        "decl": { "start": { "line": 5, "column": 24 }, "end": { "line": 5, "column": 35 } },
        "loc": { "start": { "line": 5, "column": 35 }, "end": { "line": 19, "column": null } }
      },
      "1": {
        "name": "(anonymous_1)",
        "decl": { "start": { "line": 10, "column": 17 }, "end": { "line": 10, "column": 23 } },
        "loc": { "start": { "line": 10, "column": 23 }, "end": { "line": 12, "column": null } }
      }
    },
    "branchMap": {},
    "s": { "0": 0, "1": 0 },
    "f": { "0": 0, "1": 0 },
    "b": {}
  },
  "/home/ahmad/Desktop/my-turborepo/apps/docs/components/UserApiTest.tsx": {
    "path": "/home/ahmad/Desktop/my-turborepo/apps/docs/components/UserApiTest.tsx",
    "statementMap": {
      "0": { "start": { "line": 6, "column": 30 }, "end": { "line": 30, "column": null } },
      "1": { "start": { "line": 7, "column": 37 }, "end": { "line": 7, "column": null } },
      "2": { "start": { "line": 9, "column": 2 }, "end": { "line": 9, "column": null } },
      "3": { "start": { "line": 9, "column": 17 }, "end": { "line": 9, "column": null } },
      "4": { "start": { "line": 10, "column": 2 }, "end": { "line": 10, "column": null } },
      "5": { "start": { "line": 10, "column": 13 }, "end": { "line": 10, "column": null } },
      "6": { "start": { "line": 12, "column": 16 }, "end": { "line": 12, "column": null } },
      "7": { "start": { "line": 14, "column": 2 }, "end": { "line": 28, "column": null } },
      "8": { "start": { "line": 22, "column": 12 }, "end": { "line": 24, "column": null } }
    },
    "fnMap": {
      "0": {
        "name": "(anonymous_0)",
        "decl": { "start": { "line": 6, "column": 30 }, "end": { "line": 6, "column": 36 } },
        "loc": { "start": { "line": 6, "column": 36 }, "end": { "line": 30, "column": null } }
      },
      "1": {
        "name": "(anonymous_1)",
        "decl": { "start": { "line": 21, "column": 21 }, "end": { "line": 21, "column": 22 } },
        "loc": { "start": { "line": 22, "column": 12 }, "end": { "line": 24, "column": null } }
      }
    },
    "branchMap": {
      "0": {
        "loc": { "start": { "line": 9, "column": 2 }, "end": { "line": 9, "column": null } },
        "type": "if",
        "locations": [
          { "start": { "line": 9, "column": 2 }, "end": { "line": 9, "column": null } },
          { "start": {}, "end": {} }
        ]
      },
      "1": {
        "loc": { "start": { "line": 10, "column": 2 }, "end": { "line": 10, "column": null } },
        "type": "if",
        "locations": [
          { "start": { "line": 10, "column": 2 }, "end": { "line": 10, "column": null } },
          { "start": {}, "end": {} }
        ]
      },
      "2": {
        "loc": { "start": { "line": 12, "column": 16 }, "end": { "line": 12, "column": null } },
        "type": "binary-expr",
        "locations": [
          { "start": { "line": 12, "column": 16 }, "end": { "line": 12, "column": 30 } },
          { "start": { "line": 12, "column": 30 }, "end": { "line": 12, "column": null } }
        ]
      },
      "3": {
        "loc": { "start": { "line": 17, "column": 7 }, "end": { "line": 26, "column": null } },
        "type": "cond-expr",
        "locations": [
          { "start": { "line": 18, "column": 8 }, "end": { "line": 18, "column": null } },
          { "start": { "line": 20, "column": 8 }, "end": { "line": 26, "column": null } }
        ]
      }
    },
    "s": { "0": 0, "1": 0, "2": 0, "3": 0, "4": 0, "5": 0, "6": 0, "7": 0, "8": 0 },
    "f": { "0": 0, "1": 0 },
    "b": { "0": [0, 0], "1": [0, 0], "2": [0, 0], "3": [0, 0] }
  },
  "/home/ahmad/Desktop/my-turborepo/apps/docs/services/client-api.ts": {
    "path": "/home/ahmad/Desktop/my-turborepo/apps/docs/services/client-api.ts",
    "statementMap": {
      "0": { "start": { "line": 5, "column": 16 }, "end": { "line": 5, "column": null } },
      "1": { "start": { "line": 7, "column": 18 }, "end": { "line": 7, "column": null } },
      "2": { "start": { "line": 8, "column": 0 }, "end": { "line": 8, "column": null } },
      "3": { "start": { "line": 9, "column": 0 }, "end": { "line": 9, "column": null } },
      "4": { "start": { "line": 13, "column": 4 }, "end": { "line": 13, "column": null } }
    },
    "fnMap": {
      "0": {
        "name": "(anonymous_0)",
        "decl": { "start": { "line": 12, "column": 2 }, "end": { "line": 12, "column": 14 } },
        "loc": { "start": { "line": 12, "column": 28 }, "end": { "line": 14, "column": null } }
      }
    },
    "branchMap": {},
    "s": { "0": 0, "1": 0, "2": 0, "3": 0, "4": 0 },
    "f": { "0": 0 },
    "b": {}
  },
  "/home/ahmad/Desktop/my-turborepo/apps/docs/services/custom-next-middleware-api.ts": {
    "path": "/home/ahmad/Desktop/my-turborepo/apps/docs/services/custom-next-middleware-api.ts",
    "statementMap": {
      "0": { "start": { "line": 17, "column": 25 }, "end": { "line": 17, "column": null } },
      "1": { "start": { "line": 18, "column": 41 }, "end": { "line": 18, "column": null } },
      "2": { "start": { "line": 21, "column": 4 }, "end": { "line": 32, "column": null } },
      "3": { "start": { "line": 22, "column": 6 }, "end": { "line": 31, "column": null } },
      "4": { "start": { "line": 23, "column": 8 }, "end": { "line": 23, "column": null } },
      "5": { "start": { "line": 24, "column": 6 }, "end": { "line": 31, "column": null } },
      "6": { "start": { "line": 25, "column": 30 }, "end": { "line": 25, "column": null } },
      "7": { "start": { "line": 26, "column": 8 }, "end": { "line": 29, "column": null } },
      "8": { "start": { "line": 30, "column": 8 }, "end": { "line": 30, "column": null } },
      "9": { "start": { "line": 33, "column": 4 }, "end": { "line": 33, "column": null } },
      "10": { "start": { "line": 37, "column": 4 }, "end": { "line": 53, "column": null } },
      "11": { "start": { "line": 38, "column": 22 }, "end": { "line": 38, "column": null } },
      "12": { "start": { "line": 39, "column": 20 }, "end": { "line": 39, "column": null } },
      "13": { "start": { "line": 41, "column": 6 }, "end": { "line": 48, "column": null } },
      "14": { "start": { "line": 42, "column": 30 }, "end": { "line": 42, "column": null } },
      "15": { "start": { "line": 43, "column": 8 }, "end": { "line": 46, "column": null } },
      "16": { "start": { "line": 47, "column": 8 }, "end": { "line": 47, "column": null } },
      "17": { "start": { "line": 50, "column": 6 }, "end": { "line": 50, "column": null } },
      "18": { "start": { "line": 52, "column": 6 }, "end": { "line": 52, "column": null } },
      "19": { "start": { "line": 57, "column": 28 }, "end": { "line": 57, "column": null } },
      "20": { "start": { "line": 59, "column": 4 }, "end": { "line": 61, "column": null } },
      "21": { "start": { "line": 60, "column": 6 }, "end": { "line": 60, "column": null } },
      "22": { "start": { "line": 63, "column": 21 }, "end": { "line": 63, "column": null } },
      "23": { "start": { "line": 65, "column": 4 }, "end": { "line": 125, "column": null } },
      "24": { "start": { "line": 66, "column": 6 }, "end": { "line": 66, "column": null } },
      "25": { "start": { "line": 67, "column": 22 }, "end": { "line": 67, "column": null } },
      "26": { "start": { "line": 68, "column": 27 }, "end": { "line": 68, "column": null } },
      "27": { "start": { "line": 70, "column": 6 }, "end": { "line": 76, "column": null } },
      "28": { "start": { "line": 71, "column": 8 }, "end": { "line": 71, "column": null } },
      "29": { "start": { "line": 72, "column": 8 }, "end": { "line": 74, "column": null } },
      "30": { "start": { "line": 73, "column": 10 }, "end": { "line": 73, "column": null } },
      "31": { "start": { "line": 75, "column": 8 }, "end": { "line": 75, "column": null } },
      "32": { "start": { "line": 78, "column": 6 }, "end": { "line": 82, "column": null } },
      "33": { "start": { "line": 79, "column": 8 }, "end": { "line": 81, "column": null } },
      "34": { "start": { "line": 80, "column": 10 }, "end": { "line": 80, "column": null } },
      "35": { "start": { "line": 84, "column": 6 }, "end": { "line": 84, "column": null } },
      "36": { "start": { "line": 86, "column": 6 }, "end": { "line": 124, "column": null } },
      "37": { "start": { "line": 87, "column": 34 }, "end": { "line": 87, "column": null } },
      "38": { "start": { "line": 88, "column": 8 }, "end": { "line": 90, "column": null } },
      "39": { "start": { "line": 89, "column": 10 }, "end": { "line": 89, "column": null } },
      "40": { "start": { "line": 92, "column": 21 }, "end": { "line": 99, "column": null } },
      "41": { "start": { "line": 101, "column": 25 }, "end": { "line": 101, "column": null } },
      "42": { "start": { "line": 102, "column": 8 }, "end": { "line": 102, "column": null } },
      "43": { "start": { "line": 104, "column": 8 }, "end": { "line": 104, "column": null } },
      "44": { "start": { "line": 106, "column": 30 }, "end": { "line": 106, "column": null } },
      "45": { "start": { "line": 107, "column": 8 }, "end": { "line": 110, "column": null } },
      "46": { "start": { "line": 112, "column": 8 }, "end": { "line": 112, "column": null } },
      "47": { "start": { "line": 114, "column": 8 }, "end": { "line": 114, "column": null } },
      "48": { "start": { "line": 115, "column": 8 }, "end": { "line": 115, "column": null } },
      "49": { "start": { "line": 116, "column": 8 }, "end": { "line": 116, "column": null } },
      "50": { "start": { "line": 118, "column": 8 }, "end": { "line": 120, "column": null } },
      "51": { "start": { "line": 119, "column": 10 }, "end": { "line": 119, "column": null } },
      "52": { "start": { "line": 121, "column": 8 }, "end": { "line": 121, "column": null } },
      "53": { "start": { "line": 123, "column": 8 }, "end": { "line": 123, "column": null } },
      "54": { "start": { "line": 127, "column": 4 }, "end": { "line": 127, "column": null } }
    },
    "fnMap": {
      "0": {
        "name": "(anonymous_0)",
        "decl": { "start": { "line": 20, "column": 10 }, "end": { "line": 20, "column": 23 } },
        "loc": { "start": { "line": 20, "column": 84 }, "end": { "line": 34, "column": null } }
      },
      "1": {
        "name": "(anonymous_1)",
        "decl": { "start": { "line": 21, "column": 29 }, "end": { "line": 21, "column": 30 } },
        "loc": { "start": { "line": 21, "column": 62 }, "end": { "line": 32, "column": 5 } }
      },
      "2": {
        "name": "(anonymous_2)",
        "decl": { "start": { "line": 36, "column": 2 }, "end": { "line": 36, "column": 8 } },
        "loc": { "start": { "line": 36, "column": 91 }, "end": { "line": 54, "column": null } }
      },
      "3": {
        "name": "(anonymous_3)",
        "decl": { "start": { "line": 56, "column": 2 }, "end": { "line": 56, "column": 8 } },
        "loc": { "start": { "line": 56, "column": 87 }, "end": { "line": 128, "column": null } }
      },
      "4": {
        "name": "(anonymous_4)",
        "decl": { "start": { "line": 79, "column": 55 }, "end": { "line": 79, "column": 56 } },
        "loc": { "start": { "line": 79, "column": 76 }, "end": { "line": 81, "column": 9 } }
      }
    },
    "branchMap": {
      "0": {
        "loc": { "start": { "line": 20, "column": 49 }, "end": { "line": 20, "column": 84 } },
        "type": "default-arg",
        "locations": [
          { "start": { "line": 20, "column": 72 }, "end": { "line": 20, "column": 84 } }
        ]
      },
      "1": {
        "loc": { "start": { "line": 22, "column": 6 }, "end": { "line": 31, "column": null } },
        "type": "if",
        "locations": [
          { "start": { "line": 22, "column": 6 }, "end": { "line": 31, "column": null } },
          { "start": { "line": 24, "column": 6 }, "end": { "line": 31, "column": null } }
        ]
      },
      "2": {
        "loc": { "start": { "line": 24, "column": 6 }, "end": { "line": 31, "column": null } },
        "type": "if",
        "locations": [
          { "start": { "line": 24, "column": 6 }, "end": { "line": 31, "column": null } },
          { "start": {}, "end": {} }
        ]
      },
      "3": {
        "loc": { "start": { "line": 41, "column": 6 }, "end": { "line": 48, "column": null } },
        "type": "if",
        "locations": [
          { "start": { "line": 41, "column": 6 }, "end": { "line": 48, "column": null } },
          { "start": {}, "end": {} }
        ]
      },
      "4": {
        "loc": { "start": { "line": 59, "column": 4 }, "end": { "line": 61, "column": null } },
        "type": "if",
        "locations": [
          { "start": { "line": 59, "column": 4 }, "end": { "line": 61, "column": null } },
          { "start": {}, "end": {} }
        ]
      },
      "5": {
        "loc": { "start": { "line": 63, "column": 21 }, "end": { "line": 63, "column": null } },
        "type": "binary-expr",
        "locations": [
          { "start": { "line": 63, "column": 21 }, "end": { "line": 63, "column": 57 } },
          { "start": { "line": 63, "column": 57 }, "end": { "line": 63, "column": null } }
        ]
      },
      "6": {
        "loc": { "start": { "line": 65, "column": 4 }, "end": { "line": 125, "column": null } },
        "type": "if",
        "locations": [
          { "start": { "line": 65, "column": 4 }, "end": { "line": 125, "column": null } },
          { "start": {}, "end": {} }
        ]
      },
      "7": {
        "loc": { "start": { "line": 65, "column": 8 }, "end": { "line": 65, "column": 67 } },
        "type": "binary-expr",
        "locations": [
          { "start": { "line": 65, "column": 8 }, "end": { "line": 65, "column": 42 } },
          { "start": { "line": 65, "column": 42 }, "end": { "line": 65, "column": 67 } }
        ]
      },
      "8": {
        "loc": { "start": { "line": 70, "column": 6 }, "end": { "line": 76, "column": null } },
        "type": "if",
        "locations": [
          { "start": { "line": 70, "column": 6 }, "end": { "line": 76, "column": null } },
          { "start": {}, "end": {} }
        ]
      },
      "9": {
        "loc": { "start": { "line": 72, "column": 8 }, "end": { "line": 74, "column": null } },
        "type": "if",
        "locations": [
          { "start": { "line": 72, "column": 8 }, "end": { "line": 74, "column": null } },
          { "start": {}, "end": {} }
        ]
      },
      "10": {
        "loc": { "start": { "line": 78, "column": 6 }, "end": { "line": 82, "column": null } },
        "type": "if",
        "locations": [
          { "start": { "line": 78, "column": 6 }, "end": { "line": 82, "column": null } },
          { "start": {}, "end": {} }
        ]
      },
      "11": {
        "loc": { "start": { "line": 88, "column": 8 }, "end": { "line": 90, "column": null } },
        "type": "if",
        "locations": [
          { "start": { "line": 88, "column": 8 }, "end": { "line": 90, "column": null } },
          { "start": {}, "end": {} }
        ]
      },
      "12": {
        "loc": { "start": { "line": 118, "column": 8 }, "end": { "line": 120, "column": null } },
        "type": "if",
        "locations": [
          { "start": { "line": 118, "column": 8 }, "end": { "line": 120, "column": null } },
          { "start": {}, "end": {} }
        ]
      }
    },
    "s": {
      "0": 0,
      "1": 0,
      "2": 0,
      "3": 0,
      "4": 0,
      "5": 0,
      "6": 0,
      "7": 0,
      "8": 0,
      "9": 0,
      "10": 0,
      "11": 0,
      "12": 0,
      "13": 0,
      "14": 0,
      "15": 0,
      "16": 0,
      "17": 0,
      "18": 0,
      "19": 0,
      "20": 0,
      "21": 0,
      "22": 0,
      "23": 0,
      "24": 0,
      "25": 0,
      "26": 0,
      "27": 0,
      "28": 0,
      "29": 0,
      "30": 0,
      "31": 0,
      "32": 0,
      "33": 0,
      "34": 0,
      "35": 0,
      "36": 0,
      "37": 0,
      "38": 0,
      "39": 0,
      "40": 0,
      "41": 0,
      "42": 0,
      "43": 0,
      "44": 0,
      "45": 0,
      "46": 0,
      "47": 0,
      "48": 0,
      "49": 0,
      "50": 0,
      "51": 0,
      "52": 0,
      "53": 0,
      "54": 0
    },
    "f": { "0": 0, "1": 0, "2": 0, "3": 0, "4": 0 },
    "b": {
      "0": [0],
      "1": [0, 0],
      "2": [0, 0],
      "3": [0, 0],
      "4": [0, 0],
      "5": [0, 0],
      "6": [0, 0],
      "7": [0, 0],
      "8": [0, 0],
      "9": [0, 0],
      "10": [0, 0],
      "11": [0, 0],
      "12": [0, 0]
    }
  },
  "/home/ahmad/Desktop/my-turborepo/apps/docs/services/apis-hook/users/index.ts": {
    "path": "/home/ahmad/Desktop/my-turborepo/apps/docs/services/apis-hook/users/index.ts",
    "statementMap": {
      "0": { "start": { "line": 4, "column": 29 }, "end": { "line": 4, "column": null } },
      "1": { "start": { "line": 6, "column": 20 }, "end": { "line": 6, "column": null } },
      "2": { "start": { "line": 8, "column": 27 }, "end": { "line": 17, "column": null } },
      "3": { "start": { "line": 12, "column": 2 }, "end": { "line": 16, "column": null } },
      "4": { "start": { "line": 14, "column": 19 }, "end": { "line": 14, "column": null } }
    },
    "fnMap": {
      "0": {
        "name": "(anonymous_0)",
        "decl": { "start": { "line": 8, "column": 27 }, "end": { "line": 8, "column": null } },
        "loc": { "start": { "line": 11, "column": 5 }, "end": { "line": 17, "column": null } }
      },
      "1": {
        "name": "(anonymous_1)",
        "decl": { "start": { "line": 14, "column": 13 }, "end": { "line": 14, "column": 19 } },
        "loc": { "start": { "line": 14, "column": 19 }, "end": { "line": 14, "column": null } }
      }
    },
    "branchMap": {
      "0": {
        "loc": { "start": { "line": 10, "column": 2 }, "end": { "line": 10, "column": null } },
        "type": "default-arg",
        "locations": [
          { "start": { "line": 10, "column": 12 }, "end": { "line": 10, "column": null } }
        ]
      }
    },
    "s": { "0": 0, "1": 0, "2": 0, "3": 0, "4": 0 },
    "f": { "0": 0, "1": 0 },
    "b": { "0": [0] }
  },
  "/home/ahmad/Desktop/my-turborepo/apps/docs/services/apis-hook/users/users.service.ts": {
    "path": "/home/ahmad/Desktop/my-turborepo/apps/docs/services/apis-hook/users/users.service.ts",
    "statementMap": {
      "0": { "start": { "line": 13, "column": 4 }, "end": { "line": 13, "column": null } },
      "1": { "start": { "line": 16, "column": 4 }, "end": { "line": 16, "column": null } }
    },
    "fnMap": {
      "0": {
        "name": "(anonymous_0)",
        "decl": { "start": { "line": 12, "column": 2 }, "end": { "line": 12, "column": 16 } },
        "loc": { "start": { "line": 12, "column": 16 }, "end": { "line": 14, "column": null } }
      },
      "1": {
        "name": "(anonymous_1)",
        "decl": { "start": { "line": 15, "column": 2 }, "end": { "line": 15, "column": 15 } },
        "loc": { "start": { "line": 15, "column": 56 }, "end": { "line": 17, "column": null } }
      }
    },
    "branchMap": {},
    "s": { "0": 0, "1": 0 },
    "f": { "0": 0, "1": 0 },
    "b": {}
  },
  "/home/ahmad/Desktop/my-turborepo/apps/docs/services/react-query/query-client.ts": {
    "path": "/home/ahmad/Desktop/my-turborepo/apps/docs/services/react-query/query-client.ts",
    "statementMap": {
      "0": { "start": { "line": 15, "column": 27 }, "end": { "line": 19, "column": null } },
      "1": { "start": { "line": 16, "column": 12 }, "end": { "line": 16, "column": null } },
      "2": { "start": { "line": 17, "column": 18 }, "end": { "line": 17, "column": null } },
      "3": { "start": { "line": 18, "column": 2 }, "end": { "line": 18, "column": null } },
      "4": { "start": { "line": 21, "column": 27 }, "end": { "line": 43, "column": null } },
      "5": { "start": { "line": 24, "column": 6 }, "end": { "line": 26, "column": null } },
      "6": { "start": { "line": 37, "column": 8 }, "end": { "line": 39, "column": null } },
      "7": { "start": { "line": 45, "column": 33 }, "end": { "line": 47, "column": null } },
      "8": { "start": { "line": 46, "column": 2 }, "end": { "line": 46, "column": null } },
      "9": { "start": { "line": 49, "column": 28 }, "end": { "line": 51, "column": null } },
      "10": { "start": { "line": 50, "column": 2 }, "end": { "line": 50, "column": null } },
      "11": { "start": { "line": 53, "column": 29 }, "end": { "line": 63, "column": null } },
      "12": { "start": { "line": 58, "column": 2 }, "end": { "line": 62, "column": null } },
      "13": { "start": { "line": 66, "column": 28 }, "end": { "line": 68, "column": null } },
      "14": { "start": { "line": 67, "column": 2 }, "end": { "line": 67, "column": null } }
    },
    "fnMap": {
      "0": {
        "name": "(anonymous_0)",
        "decl": { "start": { "line": 15, "column": 27 }, "end": { "line": 15, "column": 28 } },
        "loc": { "start": { "line": 15, "column": 47 }, "end": { "line": 19, "column": null } }
      },
      "1": {
        "name": "(anonymous_1)",
        "decl": { "start": { "line": 23, "column": 13 }, "end": { "line": 23, "column": 14 } },
        "loc": { "start": { "line": 23, "column": 24 }, "end": { "line": 27, "column": null } }
      },
      "2": {
        "name": "(anonymous_2)",
        "decl": { "start": { "line": 36, "column": 15 }, "end": { "line": 36, "column": 16 } },
        "loc": { "start": { "line": 36, "column": 26 }, "end": { "line": 40, "column": null } }
      },
      "3": {
        "name": "(anonymous_3)",
        "decl": { "start": { "line": 45, "column": 33 }, "end": { "line": 45, "column": 34 } },
        "loc": { "start": { "line": 45, "column": 57 }, "end": { "line": 47, "column": null } }
      },
      "4": {
        "name": "(anonymous_4)",
        "decl": { "start": { "line": 49, "column": 28 }, "end": { "line": 49, "column": 29 } },
        "loc": { "start": { "line": 49, "column": 52 }, "end": { "line": 51, "column": null } }
      },
      "5": {
        "name": "(anonymous_5)",
        "decl": { "start": { "line": 53, "column": 29 }, "end": { "line": 53, "column": null } },
        "loc": { "start": { "line": 57, "column": 5 }, "end": { "line": 63, "column": null } }
      },
      "6": {
        "name": "(anonymous_6)",
        "decl": { "start": { "line": 66, "column": 28 }, "end": { "line": 66, "column": 34 } },
        "loc": { "start": { "line": 66, "column": 34 }, "end": { "line": 68, "column": null } }
      }
    },
    "branchMap": {
      "0": {
        "loc": { "start": { "line": 18, "column": 9 }, "end": { "line": 18, "column": null } },
        "type": "binary-expr",
        "locations": [
          { "start": { "line": 18, "column": 9 }, "end": { "line": 18, "column": 27 } },
          { "start": { "line": 18, "column": 27 }, "end": { "line": 18, "column": null } }
        ]
      }
    },
    "s": {
      "0": 0,
      "1": 0,
      "2": 0,
      "3": 0,
      "4": 0,
      "5": 0,
      "6": 0,
      "7": 0,
      "8": 0,
      "9": 0,
      "10": 0,
      "11": 0,
      "12": 0,
      "13": 0,
      "14": 0
    },
    "f": { "0": 0, "1": 0, "2": 0, "3": 0, "4": 0, "5": 0, "6": 0 },
    "b": { "0": [0, 0] }
  },
  "/home/ahmad/Desktop/my-turborepo/apps/docs/services/react-query/query-provider.tsx": {
    "path": "/home/ahmad/Desktop/my-turborepo/apps/docs/services/react-query/query-provider.tsx",
    "statementMap": {
      "0": { "start": { "line": 14, "column": 2 }, "end": { "line": 20, "column": null } }
    },
    "fnMap": {
      "0": {
        "name": "ReactQueryProvider",
        "decl": { "start": { "line": 7, "column": 16 }, "end": { "line": 7, "column": 35 } },
        "loc": { "start": { "line": 13, "column": 3 }, "end": { "line": 22, "column": null } }
      }
    },
    "branchMap": {},
    "s": { "0": 0 },
    "f": { "0": 0 },
    "b": {}
  }
}
