{
  "/Users/ahmadsafari/Downloads/my-turborepo/apps/react-app/src/App.tsx": {
    "path": "/Users/ahmadsafari/Downloads/my-turborepo/apps/react-app/src/App.tsx",
    "statementMap": {
      "0": { "start": { "line": 11, "column": 28 }, "end": { "line": 11, "column": null } },
      "1": { "start": { "line": 13, "column": 2 }, "end": { "line": 32, "column": null } },
      "2": { "start": { "line": 25, "column": 31 }, "end": { "line": 25, "column": 63 } },
      "3": { "start": { "line": 25, "column": 51 }, "end": { "line": 25, "column": 60 } }
    },
    "fnMap": {
      "0": {
        "name": "App",
        "decl": { "start": { "line": 10, "column": 9 }, "end": { "line": 10, "column": 15 } },
        "loc": { "start": { "line": 10, "column": 15 }, "end": { "line": 34, "column": null } }
      },
      "1": {
        "name": "(anonymous_1)",
        "decl": { "start": { "line": 25, "column": 25 }, "end": { "line": 25, "column": 31 } },
        "loc": { "start": { "line": 25, "column": 31 }, "end": { "line": 25, "column": 63 } }
      },
      "2": {
        "name": "(anonymous_2)",
        "decl": { "start": { "line": 25, "column": 40 }, "end": { "line": 25, "column": 41 } },
        "loc": { "start": { "line": 25, "column": 51 }, "end": { "line": 25, "column": 60 } }
      }
    },
    "branchMap": {},
    "s": { "0": 0, "1": 0, "2": 0, "3": 0 },
    "f": { "0": 0, "1": 0, "2": 0 },
    "b": {}
  },
  "/Users/ahmadsafari/Downloads/my-turborepo/apps/react-app/src/main.tsx": {
    "path": "/Users/ahmadsafari/Downloads/my-turborepo/apps/react-app/src/main.tsx",
    "statementMap": {
      "0": { "start": { "line": 6, "column": 0 }, "end": { "line": 10, "column": null } }
    },
    "fnMap": {},
    "branchMap": {},
    "s": { "0": 0 },
    "f": {},
    "b": {}
  },
  "/Users/ahmadsafari/Downloads/my-turborepo/apps/react-app/src/components/ProductsApiTest.tsx": {
    "path": "/Users/ahmadsafari/Downloads/my-turborepo/apps/react-app/src/components/ProductsApiTest.tsx",
    "statementMap": {
      "0": { "start": { "line": 11, "column": 24 }, "end": { "line": 11, "column": null } },
      "1": { "start": { "line": 13, "column": 34 }, "end": { "line": 57, "column": null } },
      "2": { "start": { "line": 14, "column": 34 }, "end": { "line": 14, "column": null } },
      "3": { "start": { "line": 15, "column": 32 }, "end": { "line": 15, "column": null } },
      "4": { "start": { "line": 16, "column": 28 }, "end": { "line": 16, "column": null } },
      "5": { "start": { "line": 18, "column": 2 }, "end": { "line": 33, "column": null } },
      "6": { "start": { "line": 19, "column": 26 }, "end": { "line": 30, "column": null } },
      "7": { "start": { "line": 20, "column": 6 }, "end": { "line": 20, "column": null } },
      "8": { "start": { "line": 21, "column": 6 }, "end": { "line": 21, "column": null } },
      "9": { "start": { "line": 22, "column": 6 }, "end": { "line": 29, "column": null } },
      "10": { "start": { "line": 23, "column": 25 }, "end": { "line": 23, "column": null } },
      "11": { "start": { "line": 24, "column": 8 }, "end": { "line": 24, "column": null } },
      "12": { "start": { "line": 26, "column": 8 }, "end": { "line": 26, "column": null } },
      "13": { "start": { "line": 28, "column": 8 }, "end": { "line": 28, "column": null } },
      "14": { "start": { "line": 32, "column": 4 }, "end": { "line": 32, "column": null } },
      "15": { "start": { "line": 34, "column": 2 }, "end": { "line": 34, "column": null } },
      "16": { "start": { "line": 34, "column": 15 }, "end": { "line": 34, "column": null } },
      "17": { "start": { "line": 35, "column": 2 }, "end": { "line": 35, "column": null } },
      "18": { "start": { "line": 35, "column": 13 }, "end": { "line": 35, "column": null } },
      "19": { "start": { "line": 37, "column": 2 }, "end": { "line": 55, "column": null } },
      "20": { "start": { "line": 45, "column": 12 }, "end": { "line": 45, "column": null } },
      "21": { "start": { "line": 47, "column": 12 }, "end": { "line": 50, "column": null } }
    },
    "fnMap": {
      "0": {
        "name": "(anonymous_0)",
        "decl": { "start": { "line": 13, "column": 34 }, "end": { "line": 13, "column": 40 } },
        "loc": { "start": { "line": 13, "column": 40 }, "end": { "line": 57, "column": null } }
      },
      "1": {
        "name": "(anonymous_1)",
        "decl": { "start": { "line": 18, "column": 12 }, "end": { "line": 18, "column": 18 } },
        "loc": { "start": { "line": 18, "column": 18 }, "end": { "line": 33, "column": 5 } }
      },
      "2": {
        "name": "(anonymous_2)",
        "decl": { "start": { "line": 19, "column": 26 }, "end": { "line": 19, "column": 38 } },
        "loc": { "start": { "line": 19, "column": 38 }, "end": { "line": 30, "column": null } }
      },
      "3": {
        "name": "(anonymous_3)",
        "decl": { "start": { "line": 44, "column": 24 }, "end": { "line": 44, "column": 25 } },
        "loc": { "start": { "line": 44, "column": 37 }, "end": { "line": 52, "column": 11 } }
      }
    },
    "branchMap": {
      "0": {
        "loc": { "start": { "line": 26, "column": 17 }, "end": { "line": 26, "column": 57 } },
        "type": "binary-expr",
        "locations": [
          { "start": { "line": 26, "column": 17 }, "end": { "line": 26, "column": 32 } },
          { "start": { "line": 26, "column": 32 }, "end": { "line": 26, "column": 57 } }
        ]
      },
      "1": {
        "loc": { "start": { "line": 34, "column": 2 }, "end": { "line": 34, "column": null } },
        "type": "if",
        "locations": [
          { "start": { "line": 34, "column": 2 }, "end": { "line": 34, "column": null } },
          { "start": {}, "end": {} }
        ]
      },
      "2": {
        "loc": { "start": { "line": 35, "column": 2 }, "end": { "line": 35, "column": null } },
        "type": "if",
        "locations": [
          { "start": { "line": 35, "column": 2 }, "end": { "line": 35, "column": null } },
          { "start": {}, "end": {} }
        ]
      },
      "3": {
        "loc": { "start": { "line": 40, "column": 7 }, "end": { "line": 53, "column": null } },
        "type": "cond-expr",
        "locations": [
          { "start": { "line": 41, "column": 8 }, "end": { "line": 41, "column": null } },
          { "start": { "line": 43, "column": 8 }, "end": { "line": 53, "column": null } }
        ]
      }
    },
    "s": {
      "0": 0,
      "1": 0,
      "2": 0,
      "3": 0,
      "4": 0,
      "5": 0,
      "6": 0,
      "7": 0,
      "8": 0,
      "9": 0,
      "10": 0,
      "11": 0,
      "12": 0,
      "13": 0,
      "14": 0,
      "15": 0,
      "16": 0,
      "17": 0,
      "18": 0,
      "19": 0,
      "20": 0,
      "21": 0
    },
    "f": { "0": 0, "1": 0, "2": 0, "3": 0 },
    "b": { "0": [0, 0], "1": [0, 0], "2": [0, 0], "3": [0, 0] }
  },
  "/Users/ahmadsafari/Downloads/my-turborepo/apps/react-app/src/services/client-api.ts": {
    "path": "/Users/ahmadsafari/Downloads/my-turborepo/apps/react-app/src/services/client-api.ts",
    "statementMap": {
      "0": { "start": { "line": 3, "column": 16 }, "end": { "line": 3, "column": null } },
      "1": { "start": { "line": 5, "column": 18 }, "end": { "line": 5, "column": null } },
      "2": { "start": { "line": 9, "column": 4 }, "end": { "line": 9, "column": null } }
    },
    "fnMap": {
      "0": {
        "name": "(anonymous_0)",
        "decl": { "start": { "line": 8, "column": 2 }, "end": { "line": 8, "column": 14 } },
        "loc": { "start": { "line": 8, "column": 28 }, "end": { "line": 10, "column": null } }
      }
    },
    "branchMap": {},
    "s": { "0": 0, "1": 0, "2": 0 },
    "f": { "0": 0 },
    "b": {}
  },
  "/Users/ahmadsafari/Downloads/my-turborepo/apps/react-app/src/services/apis/products.service.ts": {
    "path": "/Users/ahmadsafari/Downloads/my-turborepo/apps/react-app/src/services/apis/products.service.ts",
    "statementMap": {
      "0": { "start": { "line": 7, "column": 4 }, "end": { "line": 7, "column": null } },
      "1": { "start": { "line": 10, "column": 4 }, "end": { "line": 10, "column": null } }
    },
    "fnMap": {
      "0": {
        "name": "(anonymous_0)",
        "decl": { "start": { "line": 6, "column": 2 }, "end": { "line": 6, "column": 16 } },
        "loc": { "start": { "line": 6, "column": 16 }, "end": { "line": 8, "column": null } }
      },
      "1": {
        "name": "(anonymous_1)",
        "decl": { "start": { "line": 9, "column": 2 }, "end": { "line": 9, "column": 15 } },
        "loc": { "start": { "line": 9, "column": 53 }, "end": { "line": 11, "column": null } }
      }
    },
    "branchMap": {},
    "s": { "0": 0, "1": 0 },
    "f": { "0": 0, "1": 0 },
    "b": {}
  }
}
